<?xml version="1.0" encoding="UTF-8"?>
<!-- Generated by org.testng.reporters.JUnitReportReporter -->
<testsuite hostname="USQROSAGUILARF1" failures="0" tests="1" name="Examen" time="33.662" errors="0" timestamp="23 Sep 2024 22:35:58 GMT" skipped="0">
  <testcase classname="Examen" name="test" time="33.662"/>
</testsuite> <!-- Examen -->
